2025-03-16 22:01:29.393+0000 INFO  Logging config in use: Embedded default config 'default-user-logs.xml'
2025-03-16 22:01:29.412+0000 INFO  Starting...
2025-03-16 22:01:31.698+0000 INFO  This instance is ServerId{1a26b0f7} (1a26b0f7-1b1f-4211-908c-92dee80fc20a)
2025-03-16 22:01:34.056+0000 INFO  ======== Neo4j 2025.02.0 ========
2025-03-16 22:01:38.424+0000 INFO  Anonymous Usage Data is being sent to Neo4j, see https://neo4j.com/docs/usage-data/
2025-03-16 22:01:38.482+0000 INFO  Bolt enabled on 0.0.0.0:7687.
2025-03-16 22:01:40.165+0000 INFO  HTTP enabled on 0.0.0.0:7474.
2025-03-16 22:01:40.167+0000 INFO  Remote interface available at http://localhost:7474/
2025-03-16 22:01:40.173+0000 INFO  id: EF913B73616AEC38A005658D8D73CEAE73B2C99E80231C9559286C8DAFD411C9
2025-03-16 22:01:40.174+0000 INFO  name: system
2025-03-16 22:01:40.175+0000 INFO  creationDate: 2025-03-16T22:01:36.21Z
2025-03-16 22:01:40.176+0000 INFO  Started.
2025-03-16 22:02:27.392+0000 INFO  Neo4j Server shutdown initiated by request
2025-03-16 22:02:27.393+0000 INFO  Stopping...
2025-03-16 22:03:29.911+0000 INFO  Logging config in use: Embedded default config 'default-user-logs.xml'
2025-03-16 22:03:29.929+0000 INFO  Starting...
2025-03-16 22:03:31.778+0000 INFO  This instance is ServerId{1a26b0f7} (1a26b0f7-1b1f-4211-908c-92dee80fc20a)
2025-03-16 22:03:34.681+0000 INFO  ======== Neo4j 2025.02.0 ========
2025-03-16 22:03:37.982+0000 INFO  Anonymous Usage Data is being sent to Neo4j, see https://neo4j.com/docs/usage-data/
2025-03-16 22:03:38.076+0000 INFO  Bolt enabled on 0.0.0.0:7687.
2025-03-16 22:03:39.855+0000 INFO  HTTP enabled on 0.0.0.0:7474.
2025-03-16 22:03:39.857+0000 INFO  Remote interface available at http://localhost:7474/
2025-03-16 22:03:39.860+0000 INFO  id: EF913B73616AEC38A005658D8D73CEAE73B2C99E80231C9559286C8DAFD411C9
2025-03-16 22:03:39.860+0000 INFO  name: system
2025-03-16 22:03:39.861+0000 INFO  creationDate: 2025-03-16T22:01:36.21Z
2025-03-16 22:03:39.861+0000 INFO  Started.
2025-03-16 22:04:49.703+0000 INFO  Neo4j Server shutdown initiated by request
2025-03-16 22:04:49.704+0000 INFO  Stopping...
2025-03-16 22:04:55.620+0000 INFO  Stopped.
